# JRE version: OpenJDK Runtime Environment (11.0.13) (build 11.0.13+0-b1751.21-8125866)
# Java VM: OpenJDK 64-Bit Server VM (11.0.13+0-b1751.21-8125866, mixed mode, tiered, compressed oops, g1 gc, windows-amd64)
Heap:
 garbage-first heap   total 155648K, used 85396K [0x0000000080000000, 0x0000000100000000)
  region size 1024K, 36 young (36864K), 5 survivors (5120K)
 Metaspace       used 71335K, capacity 72919K, committed 73124K, reserved 1112064K
  class space    used 9197K, capacity 9843K, committed 9856K, reserved 1048576K
GC Heap History (20 events):
Event: 3.240 GC heap before
{Heap before GC invocations=1 (full 0):
 garbage-first heap   total 129024K, used 84062K [0x0000000080000000, 0x0000000100000000)
  region size 1024K, 75 young (76800K), 3 survivors (3072K)
 Metaspace       used 17450K, capacity 17779K, committed 18048K, reserved 1064960K
  class space    used 2030K, capacity 2145K, committed 2176K, reserved 1048576K
}
Event: 3.252 GC heap after
{Heap after GC invocations=2 (full 0):
 garbage-first heap   total 129024K, used 15859K [0x0000000080000000, 0x0000000100000000)
  region size 1024K, 10 young (10240K), 10 survivors (10240K)
 Metaspace       used 17450K, capacity 17779K, committed 18048K, reserved 1064960K
  class space    used 2030K, capacity 2145K, committed 2176K, reserved 1048576K
}
Event: 3.719 GC heap before
{Heap before GC invocations=2 (full 0):
 garbage-first heap   total 129024K, used 46579K [0x0000000080000000, 0x0000000100000000)
  region size 1024K, 41 young (41984K), 10 survivors (10240K)
 Metaspace       used 20776K, capacity 21125K, committed 21296K, reserved 1069056K
  class space    used 2528K, capacity 2688K, committed 2688K, reserved 1048576K
}
Event: 3.730 GC heap after
{Heap after GC invocations=3 (full 0):
 garbage-first heap   total 129024K, used 17168K [0x0000000080000000, 0x0000000100000000)
  region size 1024K, 2 young (2048K), 2 survivors (2048K)
 Metaspace       used 20776K, capacity 21125K, committed 21296K, reserved 1069056K
  class space    used 2528K, capacity 2688K, committed 2688K, reserved 1048576K
}
Event: 4.771 GC heap before
{Heap before GC invocations=4 (full 0):
 garbage-first heap   total 129024K, used 79632K [0x0000000080000000, 0x0000000100000000)
  region size 1024K, 64 young (65536K), 2 survivors (2048K)
 Metaspace       used 27014K, capacity 27629K, committed 27824K, reserved 1073152K
  class space    used 3509K, capacity 3736K, committed 3840K, reserved 1048576K
}
Event: 4.775 GC heap after
{Heap after GC invocations=5 (full 0):
 garbage-first heap   total 129024K, used 19022K [0x0000000080000000, 0x0000000100000000)
  region size 1024K, 4 young (4096K), 4 survivors (4096K)
 Metaspace       used 27014K, capacity 27629K, committed 27824K, reserved 1073152K
  class space    used 3509K, capacity 3736K, committed 3840K, reserved 1048576K
}
Event: 5.820 GC heap before
{Heap before GC invocations=5 (full 0):
 garbage-first heap   total 129024K, used 70222K [0x0000000080000000, 0x0000000100000000)
  region size 1024K, 55 young (56320K), 4 survivors (4096K)
 Metaspace       used 34802K, capacity 35609K, committed 35708K, reserved 1081344K
  class space    used 4466K, capacity 4780K, committed 4864K, reserved 1048576K
}
Event: 5.833 GC heap after
{Heap after GC invocations=6 (full 0):
 garbage-first heap   total 129024K, used 22177K [0x0000000080000000, 0x0000000100000000)
  region size 1024K, 7 young (7168K), 7 survivors (7168K)
 Metaspace       used 34802K, capacity 35609K, committed 35708K, reserved 1081344K
  class space    used 4466K, capacity 4780K, committed 4864K, reserved 1048576K
}
Event: 7.645 GC heap before
{Heap before GC invocations=7 (full 0):
 garbage-first heap   total 129024K, used 93857K [0x0000000080000000, 0x0000000100000000)
  region size 1024K, 75 young (76800K), 7 survivors (7168K)
 Metaspace       used 40331K, capacity 41278K, committed 41468K, reserved 1085440K
  class space    used 5087K, capacity 5449K, committed 5504K, reserved 1048576K
}
Event: 7.663 GC heap after
{Heap after GC invocations=8 (full 0):
 garbage-first heap   total 129024K, used 27809K [0x0000000080000000, 0x0000000100000000)
  region size 1024K, 9 young (9216K), 9 survivors (9216K)
 Metaspace       used 40331K, capacity 41278K, committed 41468K, reserved 1085440K
  class space    used 5087K, capacity 5449K, committed 5504K, reserved 1048576K
}
Event: 9.453 GC heap before
{Heap before GC invocations=8 (full 0):
 garbage-first heap   total 129024K, used 94369K [0x0000000080000000, 0x0000000100000000)
  region size 1024K, 74 young (75776K), 9 survivors (9216K)
 Metaspace       used 46365K, capacity 47436K, committed 47740K, reserved 1091584K
  class space    used 5881K, capacity 6300K, committed 6400K, reserved 1048576K
}
Event: 9.469 GC heap after
{Heap after GC invocations=9 (full 0):
 garbage-first heap   total 155648K, used 29608K [0x0000000080000000, 0x0000000100000000)
  region size 1024K, 3 young (3072K), 3 survivors (3072K)
 Metaspace       used 46365K, capacity 47436K, committed 47740K, reserved 1091584K
  class space    used 5881K, capacity 6300K, committed 6400K, reserved 1048576K
}
Event: 13.603 GC heap before
{Heap before GC invocations=9 (full 0):
 garbage-first heap   total 155648K, used 115624K [0x0000000080000000, 0x0000000100000000)
  region size 1024K, 83 young (84992K), 3 survivors (3072K)
 Metaspace       used 51130K, capacity 52424K, committed 52732K, reserved 1095680K
  class space    used 6445K, capacity 6927K, committed 7040K, reserved 1048576K
}
Event: 13.614 GC heap after
{Heap after GC invocations=10 (full 0):
 garbage-first heap   total 155648K, used 41432K [0x0000000080000000, 0x0000000100000000)
  region size 1024K, 11 young (11264K), 11 survivors (11264K)
 Metaspace       used 51130K, capacity 52424K, committed 52732K, reserved 1095680K
  class space    used 6445K, capacity 6927K, committed 7040K, reserved 1048576K
}
Event: 15.778 GC heap before
{Heap before GC invocations=10 (full 0):
 garbage-first heap   total 155648K, used 89560K [0x0000000080000000, 0x0000000100000000)
  region size 1024K, 59 young (60416K), 11 survivors (11264K)
 Metaspace       used 58344K, capacity 59822K, committed 59940K, reserved 1101824K
  class space    used 7342K, capacity 7918K, committed 7936K, reserved 1048576K
}
Event: 15.803 GC heap after
{Heap after GC invocations=11 (full 0):
 garbage-first heap   total 155648K, used 43717K [0x0000000080000000, 0x0000000100000000)
  region size 1024K, 3 young (3072K), 3 survivors (3072K)
 Metaspace       used 58344K, capacity 59822K, committed 59940K, reserved 1101824K
  class space    used 7342K, capacity 7918K, committed 7936K, reserved 1048576K
}
Event: 18.166 GC heap before
{Heap before GC invocations=12 (full 0):
 garbage-first heap   total 155648K, used 127685K [0x0000000080000000, 0x0000000100000000)
  region size 1024K, 78 young (79872K), 3 survivors (3072K)
 Metaspace       used 64361K, capacity 65829K, committed 66084K, reserved 1107968K
  class space    used 8096K, capacity 8650K, committed 8704K, reserved 1048576K
}
Event: 18.178 GC heap after
{Heap after GC invocations=13 (full 0):
 garbage-first heap   total 155648K, used 49989K [0x0000000080000000, 0x0000000100000000)
  region size 1024K, 9 young (9216K), 9 survivors (9216K)
 Metaspace       used 64361K, capacity 65829K, committed 66084K, reserved 1107968K
  class space    used 8096K, capacity 8650K, committed 8704K, reserved 1048576K
}
Event: 20.490 GC heap before
{Heap before GC invocations=13 (full 0):
 garbage-first heap   total 155648K, used 119621K [0x0000000080000000, 0x0000000100000000)
  region size 1024K, 77 young (78848K), 9 survivors (9216K)
 Metaspace       used 67855K, capacity 69420K, committed 69540K, reserved 1110016K
  class space    used 8611K, capacity 9243K, committed 9344K, reserved 1048576K
}
Event: 20.530 GC heap after
{Heap after GC invocations=14 (full 0):
 garbage-first heap   total 155648K, used 54676K [0x0000000080000000, 0x0000000100000000)
  region size 1024K, 5 young (5120K), 5 survivors (5120K)
 Metaspace       used 67855K, capacity 69420K, committed 69540K, reserved 1110016K
  class space    used 8611K, capacity 9243K, committed 9344K, reserved 1048576K
}

