# JRE version: OpenJDK Runtime Environment (11.0.13) (build 11.0.13+0-b1751.21-8125866)
# Java VM: OpenJDK 64-Bit Server VM (11.0.13+0-b1751.21-8125866, mixed mode, tiered, compressed oops, g1 gc, windows-amd64)
Heap:
 garbage-first heap   total 155648K, used 62761K [0x0000000080000000, 0x0000000100000000)
  region size 1024K, 32 young (32768K), 10 survivors (10240K)
 Metaspace       used 54384K, capacity 55769K, committed 56016K, reserved 1097728K
  class space    used 6883K, capacity 7423K, committed 7424K, reserved 1048576K
GC Heap History (16 events):
Event: 0.994 GC heap before
{Heap before GC invocations=0 (full 0):
 garbage-first heap   total 129024K, used 29696K [0x0000000080000000, 0x0000000100000000)
  region size 1024K, 24 young (24576K), 0 survivors (0K)
 Metaspace       used 9752K, capacity 9956K, committed 10112K, reserved 1058816K
  class space    used 999K, capacity 1069K, committed 1152K, reserved 1048576K
}
Event: 1.000 GC heap after
{Heap after GC invocations=1 (full 0):
 garbage-first heap   total 129024K, used 9045K [0x0000000080000000, 0x0000000100000000)
  region size 1024K, 3 young (3072K), 3 survivors (3072K)
 Metaspace       used 9752K, capacity 9956K, committed 10112K, reserved 1058816K
  class space    used 999K, capacity 1069K, committed 1152K, reserved 1048576K
}
Event: 2.512 GC heap before
{Heap before GC invocations=1 (full 0):
 garbage-first heap   total 129024K, used 82773K [0x0000000080000000, 0x0000000100000000)
  region size 1024K, 75 young (76800K), 3 survivors (3072K)
 Metaspace       used 17376K, capacity 17715K, committed 17792K, reserved 1064960K
  class space    used 2015K, capacity 2145K, committed 2176K, reserved 1048576K
}
Event: 2.519 GC heap after
{Heap after GC invocations=2 (full 0):
 garbage-first heap   total 129024K, used 15522K [0x0000000080000000, 0x0000000100000000)
  region size 1024K, 10 young (10240K), 10 survivors (10240K)
 Metaspace       used 17376K, capacity 17715K, committed 17792K, reserved 1064960K
  class space    used 2015K, capacity 2145K, committed 2176K, reserved 1048576K
}
Event: 2.924 GC heap before
{Heap before GC invocations=2 (full 0):
 garbage-first heap   total 129024K, used 46242K [0x0000000080000000, 0x0000000100000000)
  region size 1024K, 42 young (43008K), 10 survivors (10240K)
 Metaspace       used 20755K, capacity 21125K, committed 21296K, reserved 1069056K
  class space    used 2528K, capacity 2688K, committed 2688K, reserved 1048576K
}
Event: 2.933 GC heap after
{Heap after GC invocations=3 (full 0):
 garbage-first heap   total 129024K, used 16849K [0x0000000080000000, 0x0000000100000000)
  region size 1024K, 2 young (2048K), 2 survivors (2048K)
 Metaspace       used 20755K, capacity 21125K, committed 21296K, reserved 1069056K
  class space    used 2528K, capacity 2688K, committed 2688K, reserved 1048576K
}
Event: 3.831 GC heap before
{Heap before GC invocations=4 (full 0):
 garbage-first heap   total 129024K, used 80337K [0x0000000080000000, 0x0000000100000000)
  region size 1024K, 64 young (65536K), 2 survivors (2048K)
 Metaspace       used 27010K, capacity 27629K, committed 27904K, reserved 1073152K
  class space    used 3512K, capacity 3736K, committed 3840K, reserved 1048576K
}
Event: 3.836 GC heap after
{Heap after GC invocations=5 (full 0):
 garbage-first heap   total 129024K, used 18794K [0x0000000080000000, 0x0000000100000000)
  region size 1024K, 4 young (4096K), 4 survivors (4096K)
 Metaspace       used 27010K, capacity 27629K, committed 27904K, reserved 1073152K
  class space    used 3512K, capacity 3736K, committed 3840K, reserved 1048576K
}
Event: 5.516 GC heap before
{Heap before GC invocations=5 (full 0):
 garbage-first heap   total 129024K, used 69994K [0x0000000080000000, 0x0000000100000000)
  region size 1024K, 55 young (56320K), 4 survivors (4096K)
 Metaspace       used 35160K, capacity 35938K, committed 36048K, reserved 1081344K
  class space    used 4512K, capacity 4806K, committed 4864K, reserved 1048576K
}
Event: 5.533 GC heap after
{Heap after GC invocations=6 (full 0):
 garbage-first heap   total 129024K, used 22192K [0x0000000080000000, 0x0000000100000000)
  region size 1024K, 7 young (7168K), 7 survivors (7168K)
 Metaspace       used 35160K, capacity 35938K, committed 36048K, reserved 1081344K
  class space    used 4512K, capacity 4806K, committed 4864K, reserved 1048576K
}
Event: 8.061 GC heap before
{Heap before GC invocations=7 (full 0):
 garbage-first heap   total 129024K, used 94896K [0x0000000080000000, 0x0000000100000000)
  region size 1024K, 75 young (76800K), 7 survivors (7168K)
 Metaspace       used 40762K, capacity 41746K, committed 41936K, reserved 1085440K
  class space    used 5143K, capacity 5519K, committed 5632K, reserved 1048576K
}
Event: 8.074 GC heap after
{Heap after GC invocations=8 (full 0):
 garbage-first heap   total 129024K, used 27653K [0x0000000080000000, 0x0000000100000000)
  region size 1024K, 9 young (9216K), 9 survivors (9216K)
 Metaspace       used 40762K, capacity 41746K, committed 41936K, reserved 1085440K
  class space    used 5143K, capacity 5519K, committed 5632K, reserved 1048576K
}
Event: 9.650 GC heap before
{Heap before GC invocations=8 (full 0):
 garbage-first heap   total 129024K, used 94213K [0x0000000080000000, 0x0000000100000000)
  region size 1024K, 74 young (75776K), 9 survivors (9216K)
 Metaspace       used 46690K, capacity 47850K, committed 48080K, reserved 1091584K
  class space    used 5932K, capacity 6352K, committed 6400K, reserved 1048576K
}
Event: 9.663 GC heap after
{Heap after GC invocations=9 (full 0):
 garbage-first heap   total 155648K, used 29558K [0x0000000080000000, 0x0000000100000000)
  region size 1024K, 3 young (3072K), 3 survivors (3072K)
 Metaspace       used 46690K, capacity 47850K, committed 48080K, reserved 1091584K
  class space    used 5932K, capacity 6352K, committed 6400K, reserved 1048576K
}
Event: 13.908 GC heap before
{Heap before GC invocations=9 (full 0):
 garbage-first heap   total 155648K, used 116598K [0x0000000080000000, 0x0000000100000000)
  region size 1024K, 83 young (84992K), 3 survivors (3072K)
 Metaspace       used 51422K, capacity 52710K, committed 52816K, reserved 1095680K
  class space    used 6482K, capacity 6980K, committed 7040K, reserved 1048576K
}
Event: 13.925 GC heap after
{Heap after GC invocations=10 (full 0):
 garbage-first heap   total 155648K, used 41257K [0x0000000080000000, 0x0000000100000000)
  region size 1024K, 10 young (10240K), 10 survivors (10240K)
 Metaspace       used 51422K, capacity 52710K, committed 52816K, reserved 1095680K
  class space    used 6482K, capacity 6980K, committed 7040K, reserved 1048576K
}

